[1017/005509:ERROR:process_info.cc(608)] range at 0x5ff3406600000000, size 0x198 fully unreadable
[1017/005509:ERROR:process_info.cc(608)] range at 0x5ff340c800000000, size 0x198 fully unreadable
[1017/005509:ERROR:process_info.cc(608)] range at 0x0, size 0x198 fully unreadable
[1017/005509:WARNING:in_range_cast.h(38)] value 1753956637774 out of range
[1017/005509:WARNING:in_range_cast.h(38)] value 1753956637314 out of range
[1017/005509:WARNING:in_range_cast.h(38)] value 1753956640142 out of range
[1017/005509:WARNING:in_range_cast.h(38)] value 1753956636260 out of range
[1017/005509:WARNING:in_range_cast.h(38)] value 1753956636520 out of range
[1017/005509:ERROR:process_info.cc(608)] range at 0x440406200000000, size 0x2c6 fully unreadable
[1017/005509:ERROR:process_info.cc(608)] range at 0x44040c400000000, size 0x2c6 fully unreadable
[1017/005509:ERROR:process_info.cc(608)] range at 0x0, size 0x2c6 fully unreadable
[1017/005509:ERROR:process_info.cc(608)] range at 0xf6fe406600000000, size 0x18d fully unreadable
[1017/005509:ERROR:process_info.cc(608)] range at 0xf6fe40c800000000, size 0x18d fully unreadable
[1017/005509:ERROR:process_info.cc(608)] range at 0x0, size 0x18d fully unreadable
[1017/005513:ERROR:process_reader_win.cc(233)] ReadMemory at 0x7ff84f9d00f0 of 264 bytes failed: 仅完成部分的 ReadProcessMemory 或 WriteProcessMemory 请求。 (0x12B)
[1017/005513:ERROR:process_reader_win.cc(233)] ReadMemory at 0x7ff851ed0000 of 64 bytes failed: 仅完成部分的 ReadProcessMemory 或 WriteProcessMemory 请求。 (0x12B)
[1017/005513:WARNING:pe_image_reader.cc(295)] could not read nt headers from C:\WINDOWS\System32\USER32.dll
[1017/005513:WARNING:pe_image_reader.cc(281)] could not read dos header from C:\WINDOWS\System32\msvcrt.dll
[1017/005513:ERROR:process_info.cc(330)] VirtualQueryEx: 拒绝访问。 (0x5)
[1017/005513:ERROR:process_reader_win.cc(233)] ReadMemory at 0x7ff84f8a0000 of 64 bytes failed: 仅完成部分的 ReadProcessMemory 或 WriteProcessMemory 请求。 (0x12B)
[1017/005513:ERROR:process_info.cc(547)] ReadMemoryInfo failed
[1017/005513:WARNING:pe_image_reader.cc(281)] could not read dos header from C:\WINDOWS\System32\RPCRT4.dll
[1017/005513:ERROR:process_reader_win.cc(233)] ReadMemory at 0x7ff84f2d0000 of 64 bytes failed: 仅完成部分的 ReadProcessMemory 或 WriteProcessMemory 请求。 (0x12B)
[1017/005513:WARNING:pe_image_reader.cc(281)] could not read dos header from C:\WINDOWS\System32\gdi32full.dll
[1017/005513:ERROR:process_reader_win.cc(233)] ReadMemory at 0x7ff84fd90000 of 64 bytes failed: 仅完成部分的 ReadProcessMemory 或 WriteProcessMemory 请求。 (0x12B)
[1017/005513:ERROR:process_reader_win.cc(233)] ReadMemory at 0x7ff7119789f0 of 12 bytes failed: 仅完成部分的 ReadProcessMemory 或 WriteProcessMemory 请求。 (0x12B)
[1017/005513:WARNING:pe_image_reader.cc(281)] could not read dos header from C:\WINDOWS\System32\sechost.dll
[1017/005513:WARNING:process_snapshot_win.cc(68)] ReadMemory ExceptionInformation failed
[1017/005513:WARNING:crash_report_exception_handler.cc(56)] ProcessSnapshotWin::Initialize failed
[1017/005513:ERROR:process_reader_win.cc(233)] ReadMemory at 0x7ff84e2f0000 of 64 bytes failed: 仅完成部分的 ReadProcessMemory 或 WriteProcessMemory 请求。 (0x12B)
[1017/005513:ERROR:process_reader_win.cc(233)] ReadMemory at 0x7ff851e90000 of 64 bytes failed: 仅完成部分的 ReadProcessMemory 或 WriteProcessMemory 请求。 (0x12B)
[1017/005513:WARNING:pe_image_reader.cc(281)] could not read dos header from C:\WINDOWS\SYSTEM32\SspiCli.dll
[1017/005513:WARNING:pe_image_reader.cc(281)] could not read dos header from C:\WINDOWS\System32\GDI32.dll
[1017/005513:ERROR:process_reader_win.cc(233)] ReadMemory at 0x7ff84ef00000 of 64 bytes failed: 仅完成部分的 ReadProcessMemory 或 WriteProcessMemory 请求。 (0x12B)
[1017/005513:WARNING:pe_image_reader.cc(281)] could not read dos header from C:\WINDOWS\System32\ucrtbase.dll
[1017/005513:ERROR:process_reader_win.cc(233)] ReadMemory at 0x7ff84fb40000 of 64 bytes failed: 仅完成部分的 ReadProcessMemory 或 WriteProcessMemory 请求。 (0x12B)
[1017/005513:ERROR:process_reader_win.cc(233)] ReadMemory at 0x7ff84ed60000 of 64 bytes failed: 仅完成部分的 ReadProcessMemory 或 WriteProcessMemory 请求。 (0x12B)
[1017/005513:WARNING:pe_image_reader.cc(281)] could not read dos header from C:\WINDOWS\System32\IMM32.DLL
[1017/005513:WARNING:pe_image_reader.cc(281)] could not read dos header from C:\WINDOWS\System32\bcryptPrimitives.dll
[1017/005513:ERROR:process_reader_win.cc(233)] ReadMemory at 0x7ff84f780000 of 64 bytes failed: 仅完成部分的 ReadProcessMemory 或 WriteProcessMemory 请求。 (0x12B)
[1017/005513:ERROR:process_reader_win.cc(233)] ReadMemory at 0x7ff851b30000 of 64 bytes failed: 仅完成部分的 ReadProcessMemory 或 WriteProcessMemory 请求。 (0x12B)
[1017/005513:WARNING:pe_image_reader.cc(281)] could not read dos header from C:\WINDOWS\System32\SHLWAPI.dll
[1017/005513:WARNING:pe_image_reader.cc(281)] could not read dos header from C:\WINDOWS\System32\combase.dll
[1017/005513:ERROR:process_reader_win.cc(233)] ReadMemory at 0x7ff8504e0000 of 64 bytes failed: 仅完成部分的 ReadProcessMemory 或 WriteProcessMemory 请求。 (0x12B)
[1017/005513:ERROR:process_reader_win.cc(233)] ReadMemory at 0x7ff84ee30000 of 64 bytes failed: 仅完成部分的 ReadProcessMemory 或 WriteProcessMemory 请求。 (0x12B)
[1017/005513:WARNING:pe_image_reader.cc(281)] could not read dos header from C:\WINDOWS\System32\ole32.dll
[1017/005513:WARNING:pe_image_reader.cc(281)] could not read dos header from C:\WINDOWS\System32\win32u.dll
[1017/005513:ERROR:process_reader_win.cc(233)] ReadMemory at 0x7ff84f500000 of 64 bytes failed: 仅完成部分的 ReadProcessMemory 或 WriteProcessMemory 请求。 (0x12B)
[1017/005513:ERROR:process_reader_win.cc(233)] ReadMemory at 0x7ff84f9d0000 of 64 bytes failed: 仅完成部分的 ReadProcessMemory 或 WriteProcessMemory 请求。 (0x12B)
[1017/005513:WARNING:pe_image_reader.cc(281)] could not read dos header from C:\WINDOWS\System32\cfgmgr32.dll
[1017/005513:WARNING:pe_image_reader.cc(281)] could not read dos header from C:\WINDOWS\System32\USER32.dll
[1017/005513:ERROR:process_reader_win.cc(233)] ReadMemory at 0x7ff84e610000 of 64 bytes failed: 仅完成部分的 ReadProcessMemory 或 WriteProcessMemory 请求。 (0x12B)
[1017/005513:ERROR:process_reader_win.cc(233)] ReadMemory at 0x7ff84f2d0000 of 64 bytes failed: 仅完成部分的 ReadProcessMemory 或 WriteProcessMemory 请求。 (0x12B)
[1017/005513:WARNING:pe_image_reader.cc(281)] could not read dos header from C:\WINDOWS\System32\powrprof.dll
[1017/005513:WARNING:pe_image_reader.cc(281)] could not read dos header from C:\WINDOWS\System32\gdi32full.dll
[1017/005513:ERROR:process_reader_win.cc(233)] ReadMemory at 0x7ff850430000 of 64 bytes failed: 仅完成部分的 ReadProcessMemory 或 WriteProcessMemory 请求。 (0x12B)
[1017/005513:ERROR:process_reader_win.cc(233)] ReadMemory at 0x7ff851e90000 of 64 bytes failed: 仅完成部分的 ReadProcessMemory 或 WriteProcessMemory 请求。 (0x12B)
[1017/005513:WARNING:pe_image_reader.cc(281)] could not read dos header from C:\WINDOWS\System32\advapi32.dll
[1017/005513:WARNING:pe_image_reader.cc(281)] could not read dos header from C:\WINDOWS\System32\GDI32.dll
[1017/005513:ERROR:process_reader_win.cc(233)] ReadMemory at 0x7ff84e670000 of 64 bytes failed: 仅完成部分的 ReadProcessMemory 或 WriteProcessMemory 请求。 (0x12B)
[1017/005513:ERROR:process_reader_win.cc(233)] ReadMemory at 0x7ff84fb40000 of 64 bytes failed: 仅完成部分的 ReadProcessMemory 或 WriteProcessMemory 请求。 (0x12B)
[1017/005513:WARNING:pe_image_reader.cc(281)] could not read dos header from C:\WINDOWS\System32\kernel.appcore.dll
[1017/005513:WARNING:pe_image_reader.cc(281)] could not read dos header from C:\WINDOWS\System32\IMM32.DLL
[1017/005513:ERROR:process_reader_win.cc(233)] ReadMemory at 0x7ff84ee50000 of 64 bytes failed: 仅完成部分的 ReadProcessMemory 或 WriteProcessMemory 请求。 (0x12B)
[1017/005513:ERROR:process_reader_win.cc(233)] ReadMemory at 0x7ff84f780000 of 64 bytes failed: 仅完成部分的 ReadProcessMemory 或 WriteProcessMemory 请求。 (0x12B)
[1017/005513:WARNING:pe_image_reader.cc(281)] could not read dos header from C:\WINDOWS\System32\shcore.dll
[1017/005513:WARNING:pe_image_reader.cc(281)] could not read dos header from C:\WINDOWS\System32\SHLWAPI.dll
[1017/005513:ERROR:process_reader_win.cc(233)] ReadMemory at 0x7ff84e5f0000 of 64 bytes failed: 仅完成部分的 ReadProcessMemory 或 WriteProcessMemory 请求。 (0x12B)
[1017/005513:ERROR:process_reader_win.cc(233)] ReadMemory at 0x7ff8504e0000 of 64 bytes failed: 仅完成部分的 ReadProcessMemory 或 WriteProcessMemory 请求。 (0x12B)
[1017/005513:WARNING:pe_image_reader.cc(281)] could not read dos header from C:\WINDOWS\System32\profapi.dll
[1017/005513:WARNING:pe_image_reader.cc(281)] could not read dos header from C:\WINDOWS\System32\ole32.dll
[1017/005513:ERROR:process_reader_win.cc(233)] ReadMemory at 0x7ff84e680000 of 64 bytes failed: 仅完成部分的 ReadProcessMemory 或 WriteProcessMemory 请求。 (0x12B)
[1017/005513:ERROR:process_reader_win.cc(233)] ReadMemory at 0x7ff84f500000 of 64 bytes failed: 仅完成部分的 ReadProcessMemory 或 WriteProcessMemory 请求。 (0x12B)
[1017/005513:WARNING:pe_image_reader.cc(281)] could not read dos header from C:\WINDOWS\System32\windows.storage.dll
[1017/005513:WARNING:pe_image_reader.cc(281)] could not read dos header from C:\WINDOWS\System32\cfgmgr32.dll
[1017/005513:ERROR:process_reader_win.cc(233)] ReadMemory at 0x7ff850620000 of 64 bytes failed: 仅完成部分的 ReadProcessMemory 或 WriteProcessMemory 请求。 (0x12B)
[1017/005513:ERROR:process_reader_win.cc(233)] ReadMemory at 0x7ff84e610000 of 64 bytes failed: 仅完成部分的 ReadProcessMemory 或 WriteProcessMemory 请求。 (0x12B)
[1017/005513:WARNING:pe_image_reader.cc(281)] could not read dos header from C:\WINDOWS\System32\SHELL32.dll
[1017/005513:WARNING:pe_image_reader.cc(281)] could not read dos header from C:\WINDOWS\System32\powrprof.dll
[1017/005513:ERROR:process_reader_win.cc(233)] ReadMemory at 0x7ff84dfa0000 of 64 bytes failed: 仅完成部分的 ReadProcessMemory 或 WriteProcessMemory 请求。 (0x12B)
[1017/005513:ERROR:process_reader_win.cc(233)] ReadMemory at 0x7ff850430000 of 64 bytes failed: 仅完成部分的 ReadProcessMemory 或 WriteProcessMemory 请求。 (0x12B)
[1017/005513:WARNING:pe_image_reader.cc(281)] could not read dos header from C:\WINDOWS\System32\advapi32.dll
[1017/005513:WARNING:pe_image_reader.cc(281)] could not read dos header from C:\WINDOWS\SYSTEM32\USERENV.dll
[1017/005513:ERROR:process_reader_win.cc(233)] ReadMemory at 0x7ff84e670000 of 64 bytes failed: 仅完成部分的 ReadProcessMemory 或 WriteProcessMemory 请求。 (0x12B)
[1017/005513:ERROR:process_reader_win.cc(233)] ReadMemory at 0x7ff8351b0000 of 64 bytes failed: 仅完成部分的 ReadProcessMemory 或 WriteProcessMemory 请求。 (0x12B)
[1017/005513:WARNING:pe_image_reader.cc(281)] could not read dos header from C:\WINDOWS\System32\kernel.appcore.dll
[1017/005513:WARNING:pe_image_reader.cc(281)] could not read dos header from C:\WINDOWS\SYSTEM32\MPR.dll
[1017/005513:ERROR:process_reader_win.cc(233)] ReadMemory at 0x7ff84ee50000 of 64 bytes failed: 仅完成部分的 ReadProcessMemory 或 WriteProcessMemory 请求。 (0x12B)
[1017/005513:ERROR:process_reader_win.cc(233)] ReadMemory at 0x7ff84e0e0000 of 64 bytes failed: 仅完成部分的 ReadProcessMemory 或 WriteProcessMemory 请求。 (0x12B)
[1017/005513:WARNING:pe_image_reader.cc(281)] could not read dos header from C:\WINDOWS\System32\shcore.dll
[1017/005513:WARNING:pe_image_reader.cc(281)] could not read dos header from C:\WINDOWS\SYSTEM32\CRYPTBASE.DLL
[1017/005513:ERROR:process_reader_win.cc(233)] ReadMemory at 0x7ff84e5f0000 of 64 bytes failed: 仅完成部分的 ReadProcessMemory 或 WriteProcessMemory 请求。 (0x12B)
[1017/005513:WARNING:pe_image_reader.cc(281)] could not read dos header from C:\WINDOWS\System32\profapi.dll
[1017/005513:ERROR:process_reader_win.cc(233)] ReadMemory at 0x7ff833290000 of 64 bytes failed: 仅完成部分的 ReadProcessMemory 或 WriteProcessMemory 请求。 (0x12B)
[1017/005513:ERROR:process_reader_win.cc(233)] ReadMemory at 0x7ff84e680000 of 64 bytes failed: 仅完成部分的 ReadProcessMemory 或 WriteProcessMemory 请求。 (0x12B)
[1017/005513:WARNING:pe_image_reader.cc(281)] could not read dos header from C:\Program Files (x86)\Google\Chrome\Application\53.0.2785.143\chrome_elf.dll
[1017/005513:WARNING:pe_image_reader.cc(281)] could not read dos header from C:\WINDOWS\System32\windows.storage.dll
[1017/005513:ERROR:process_reader_win.cc(233)] ReadMemory at 0x7ff84d3b0000 of 64 bytes failed: 仅完成部分的 ReadProcessMemory 或 WriteProcessMemory 请求。 (0x12B)
[1017/005513:ERROR:process_reader_win.cc(233)] ReadMemory at 0x7ff850620000 of 64 bytes failed: 仅完成部分的 ReadProcessMemory 或 WriteProcessMemory 请求。 (0x12B)
[1017/005513:WARNING:pe_image_reader.cc(281)] could not read dos header from C:\WINDOWS\SYSTEM32\VERSION.dll
[1017/005513:WARNING:pe_image_reader.cc(281)] could not read dos header from C:\WINDOWS\System32\SHELL32.dll
[1017/005513:ERROR:process_reader_win.cc(233)] ReadMemory at 0x7ff84dfa0000 of 64 bytes failed: 仅完成部分的 ReadProcessMemory 或 WriteProcessMemory 请求。 (0x12B)
[1017/005513:ERROR:process_reader_win.cc(233)] ReadMemory at 0x7ff84c400000 of 64 bytes failed: 仅完成部分的 ReadProcessMemory 或 WriteProcessMemory 请求。 (0x12B)
[1017/005513:WARNING:pe_image_reader.cc(281)] could not read dos header from C:\WINDOWS\SYSTEM32\USERENV.dll
[1017/005513:WARNING:pe_image_reader.cc(281)] could not read dos header from C:\WINDOWS\SYSTEM32\WINMMBASE.dll
[1017/005513:ERROR:process_reader_win.cc(233)] ReadMemory at 0x7ff8351b0000 of 64 bytes failed: 仅完成部分的 ReadProcessMemory 或 WriteProcessMemory 请求。 (0x12B)
[1017/005513:ERROR:process_reader_win.cc(233)] ReadMemory at 0x7ff84c6a0000 of 64 bytes failed: 仅完成部分的 ReadProcessMemory 或 WriteProcessMemory 请求。 (0x12B)
[1017/005513:WARNING:pe_image_reader.cc(281)] could not read dos header from C:\WINDOWS\SYSTEM32\MPR.dll
[1017/005513:WARNING:pe_image_reader.cc(281)] could not read dos header from C:\WINDOWS\SYSTEM32\WINMM.dll
[1017/005513:ERROR:process_reader_win.cc(233)] ReadMemory at 0x7ff84e0e0000 of 64 bytes failed: 仅完成部分的 ReadProcessMemory 或 WriteProcessMemory 请求。 (0x12B)
[1017/005513:WARNING:pe_image_reader.cc(281)] could not read dos header from C:\WINDOWS\SYSTEM32\CRYPTBASE.DLL
[1017/005513:ERROR:process_reader_win.cc(233)] ReadMemory at 0x7ff84b7e0000 of 64 bytes failed: 仅完成部分的 ReadProcessMemory 或 WriteProcessMemory 请求。 (0x12B)
[1017/005513:ERROR:process_reader_win.cc(233)] ReadMemory at 0x7ff833290000 of 64 bytes failed: 仅完成部分的 ReadProcessMemory 或 WriteProcessMemory 请求。 (0x12B)
[1017/005513:WARNING:pe_image_reader.cc(281)] could not read dos header from C:\WINDOWS\SYSTEM32\WTSAPI32.dll
[1017/005513:WARNING:pe_image_reader.cc(281)] could not read dos header from C:\Program Files (x86)\Google\Chrome\Application\53.0.2785.143\chrome_elf.dll
[1017/005513:ERROR:process_reader_win.cc(233)] ReadMemory at 0x7ff84d3b0000 of 64 bytes failed: 仅完成部分的 ReadProcessMemory 或 WriteProcessMemory 请求。 (0x12B)
[1017/005513:ERROR:process_reader_win.cc(233)] ReadMemory at 0x7ff84b6c0000 of 64 bytes failed: 仅完成部分的 ReadProcessMemory 或 WriteProcessMemory 请求。 (0x12B)
[1017/005513:WARNING:pe_image_reader.cc(281)] could not read dos header from C:\WINDOWS\SYSTEM32\VERSION.dll
[1017/005513:WARNING:pe_image_reader.cc(281)] could not read dos header from C:\WINDOWS\SYSTEM32\WINHTTP.dll
[1017/005513:ERROR:process_reader_win.cc(233)] ReadMemory at 0x7ff84c400000 of 64 bytes failed: 仅完成部分的 ReadProcessMemory 或 WriteProcessMemory 请求。 (0x12B)
[1017/005513:WARNING:pe_image_reader.cc(281)] could not read dos header from C:\WINDOWS\SYSTEM32\WINMMBASE.dll
[1017/005513:ERROR:process_reader_win.cc(233)] ReadMemory at 0x7ff84c6a0000 of 64 bytes failed: 仅完成部分的 ReadProcessMemory 或 WriteProcessMemory 请求。 (0x12B)
[1017/005513:ERROR:process_reader_win.cc(233)] ReadMemory at 0x7ff84f460000 of 64 bytes failed: 仅完成部分的 ReadProcessMemory 或 WriteProcessMemory 请求。 (0x12B)
[1017/005513:WARNING:pe_image_reader.cc(281)] could not read dos header from C:\WINDOWS\SYSTEM32\WINMM.dll
[1017/005513:WARNING:pe_image_reader.cc(281)] could not read dos header from C:\WINDOWS\System32\msvcp_win.dll
[1017/005513:ERROR:process_reader_win.cc(233)] ReadMemory at 0x7ff84b7e0000 of 64 bytes failed: 仅完成部分的 ReadProcessMemory 或 WriteProcessMemory 请求。 (0x12B)
[1017/005513:ERROR:process_reader_win.cc(233)] ReadMemory at 0x7ff84f7e0000 of 64 bytes failed: 仅完成部分的 ReadProcessMemory 或 WriteProcessMemory 请求。 (0x12B)
[1017/005513:WARNING:pe_image_reader.cc(281)] could not read dos header from C:\WINDOWS\SYSTEM32\WTSAPI32.dll
[1017/005513:WARNING:pe_image_reader.cc(281)] could not read dos header from C:\WINDOWS\System32\OLEAUT32.dll
[1017/005513:ERROR:process_reader_win.cc(233)] ReadMemory at 0x7ff84b6c0000 of 64 bytes failed: 仅完成部分的 ReadProcessMemory 或 WriteProcessMemory 请求。 (0x12B)
[1017/005513:ERROR:process_reader_win.cc(233)] ReadMemory at 0x7ff831bb0000 of 64 bytes failed: 仅完成部分的 ReadProcessMemory 或 WriteProcessMemory 请求。 (0x12B)
[1017/005513:WARNING:pe_image_reader.cc(281)] could not read dos header from C:\WINDOWS\SYSTEM32\WINHTTP.dll
[1017/005513:WARNING:pe_image_reader.cc(281)] could not read dos header from C:\WINDOWS\SYSTEM32\ninput.dll
[1017/005513:ERROR:process_reader_win.cc(233)] ReadMemory at 0x7ff84f460000 of 64 bytes failed: 仅完成部分的 ReadProcessMemory 或 WriteProcessMemory 请求。 (0x12B)
[1017/005513:ERROR:process_reader_win.cc(233)] ReadMemory at 0x7ff84fc70000 of 64 bytes failed: 仅完成部分的 ReadProcessMemory 或 WriteProcessMemory 请求。 (0x12B)
[1017/005513:WARNING:pe_image_reader.cc(281)] could not read dos header from C:\WINDOWS\System32\msvcp_win.dll
[1017/005513:WARNING:pe_image_reader.cc(281)] could not read dos header from C:\WINDOWS\System32\PSAPI.DLL
[1017/005513:ERROR:process_reader_win.cc(233)] ReadMemory at 0x7ff84f7e0000 of 64 bytes failed: 仅完成部分的 ReadProcessMemory 或 WriteProcessMemory 请求。 (0x12B)
[1017/005513:ERROR:process_reader_win.cc(233)] ReadMemory at 0x7ff84e1d0000 of 64 bytes failed: 仅完成部分的 ReadProcessMemory 或 WriteProcessMemory 请求。 (0x12B)
[1017/005513:WARNING:pe_image_reader.cc(281)] could not read dos header from C:\WINDOWS\System32\OLEAUT32.dll
[1017/005513:WARNING:pe_image_reader.cc(281)] could not read dos header from C:\WINDOWS\SYSTEM32\bcrypt.dll
[1017/005513:ERROR:process_reader_win.cc(233)] ReadMemory at 0x7ff831bb0000 of 64 bytes failed: 仅完成部分的 ReadProcessMemory 或 WriteProcessMemory 请求。 (0x12B)
[1017/005513:ERROR:process_reader_win.cc(233)] ReadMemory at 0x7ff84a2f0000 of 64 bytes failed: 仅完成部分的 ReadProcessMemory 或 WriteProcessMemory 请求。 (0x12B)
[1017/005513:WARNING:pe_image_reader.cc(281)] could not read dos header from C:\WINDOWS\SYSTEM32\ninput.dll
[1017/005513:WARNING:pe_image_reader.cc(281)] could not read dos header from C:\WINDOWS\SYSTEM32\WINSPOOL.DRV
[1017/005513:ERROR:process_reader_win.cc(233)] ReadMemory at 0x7ff84fc70000 of 64 bytes failed: 仅完成部分的 ReadProcessMemory 或 WriteProcessMemory 请求。 (0x12B)
[1017/005513:WARNING:pe_image_reader.cc(281)] could not read dos header from C:\WINDOWS\System32\PSAPI.DLL
[1017/005513:ERROR:process_reader_win.cc(233)] ReadMemory at 0x7ff8475f0000 of 64 bytes failed: 仅完成部分的 ReadProcessMemory 或 WriteProcessMemory 请求。 (0x12B)
[1017/005513:ERROR:process_reader_win.cc(233)] ReadMemory at 0x7ff84e1d0000 of 64 bytes failed: 仅完成部分的 ReadProcessMemory 或 WriteProcessMemory 请求。 (0x12B)
[1017/005513:WARNING:pe_image_reader.cc(281)] could not read dos header from C:\WINDOWS\WinSxS\amd64_microsoft.windows.common-controls_6595b64144ccf1df_6.0.14393.0_none_2d0f50fcbdb171b8\COMCTL32.dll
[1017/005513:WARNING:pe_image_reader.cc(281)] could not read dos header from C:\WINDOWS\SYSTEM32\bcrypt.dll
[1017/005513:ERROR:process_reader_win.cc(233)] ReadMemory at 0x7ff84a2f0000 of 64 bytes failed: 仅完成部分的 ReadProcessMemory 或 WriteProcessMemory 请求。 (0x12B)
[1017/005513:ERROR:process_reader_win.cc(233)] ReadMemory at 0x7ff84fb70000 of 64 bytes failed: 仅完成部分的 ReadProcessMemory 或 WriteProcessMemory 请求。 (0x12B)
[1017/005513:WARNING:pe_image_reader.cc(281)] could not read dos header from C:\WINDOWS\SYSTEM32\WINSPOOL.DRV
[1017/005513:WARNING:pe_image_reader.cc(281)] could not read dos header from C:\WINDOWS\System32\COMDLG32.dll
[1017/005513:ERROR:process_reader_win.cc(233)] ReadMemory at 0x7ff8475f0000 of 64 bytes failed: 仅完成部分的 ReadProcessMemory 或 WriteProcessMemory 请求。 (0x12B)
[1017/005513:ERROR:process_reader_win.cc(233)] ReadMemory at 0x7ff84daf0000 of 64 bytes failed: 仅完成部分的 ReadProcessMemory 或 WriteProcessMemory 请求。 (0x12B)
[1017/005513:WARNING:pe_image_reader.cc(281)] could not read dos header from C:\WINDOWS\SYSTEM32\IPHLPAPI.DLL
[1017/005513:WARNING:pe_image_reader.cc(281)] could not read dos header from C:\WINDOWS\WinSxS\amd64_microsoft.windows.common-controls_6595b64144ccf1df_6.0.14393.0_none_2d0f50fcbdb171b8\COMCTL32.dll
[1017/005513:ERROR:process_reader_win.cc(233)] ReadMemory at 0x7ff851f70000 of 64 bytes failed: 仅完成部分的 ReadProcessMemory 或 WriteProcessMemory 请求。 (0x12B)
[1017/005513:WARNING:pe_image_reader.cc(281)] could not read dos header from C:\WINDOWS\System32\WS2_32.dll
[1017/005513:ERROR:process_reader_win.cc(233)] ReadMemory at 0x7ff84fb70000 of 64 bytes failed: 仅完成部分的 ReadProcessMemory 或 WriteProcessMemory 请求。 (0x12B)
[1017/005513:WARNING:pe_image_reader.cc(281)] could not read dos header from C:\WINDOWS\System32\COMDLG32.dll
[1017/005513:ERROR:process_reader_win.cc(233)] ReadMemory at 0x7ff82b780000 of 64 bytes failed: 仅完成部分的 ReadProcessMemory 或 WriteProcessMemory 请求。 (0x12B)
[1017/005513:WARNING:pe_image_reader.cc(281)] could not read dos header from C:\WINDOWS\SYSTEM32\USP10.dll
[1017/005513:ERROR:process_reader_win.cc(233)] ReadMemory at 0x7ff84daf0000 of 64 bytes failed: 仅完成部分的 ReadProcessMemory 或 WriteProcessMemory 请求。 (0x12B)
[1017/005513:WARNING:pe_image_reader.cc(281)] could not read dos header from C:\WINDOWS\SYSTEM32\IPHLPAPI.DLL
[1017/005513:ERROR:process_reader_win.cc(233)] ReadMemory at 0x7ff84e660000 of 64 bytes failed: 仅完成部分的 ReadProcessMemory 或 WriteProcessMemory 请求。 (0x12B)
[1017/005513:WARNING:pe_image_reader.cc(281)] could not read dos header from C:\WINDOWS\System32\MSASN1.dll
[1017/005513:ERROR:process_reader_win.cc(233)] ReadMemory at 0x7ff851f70000 of 64 bytes failed: 仅完成部分的 ReadProcessMemory 或 WriteProcessMemory 请求。 (0x12B)
[1017/005513:WARNING:pe_image_reader.cc(281)] could not read dos header from C:\WINDOWS\System32\WS2_32.dll
[1017/005513:ERROR:process_reader_win.cc(233)] ReadMemory at 0x7ff84f550000 of 64 bytes failed: 仅完成部分的 ReadProcessMemory 或 WriteProcessMemory 请求。 (0x12B)
[1017/005513:WARNING:pe_image_reader.cc(281)] could not read dos header from C:\WINDOWS\System32\CRYPT32.dll
[1017/005513:ERROR:process_reader_win.cc(233)] ReadMemory at 0x7ff82b780000 of 64 bytes failed: 仅完成部分的 ReadProcessMemory 或 WriteProcessMemory 请求。 (0x12B)
[1017/005513:WARNING:pe_image_reader.cc(281)] could not read dos header from C:\WINDOWS\SYSTEM32\USP10.dll
[1017/005513:ERROR:process_reader_win.cc(233)] ReadMemory at 0x7ff84edd0000 of 64 bytes failed: 仅完成部分的 ReadProcessMemory 或 WriteProcessMemory 请求。 (0x12B)
[1017/005513:WARNING:pe_image_reader.cc(281)] could not read dos header from C:\WINDOWS\System32\WINTRUST.dll
[1017/005513:ERROR:process_reader_win.cc(233)] ReadMemory at 0x7ff84e660000 of 64 bytes failed: 仅完成部分的 ReadProcessMemory 或 WriteProcessMemory 请求。 (0x12B)
[1017/005513:WARNING:pe_image_reader.cc(281)] could not read dos header from C:\WINDOWS\System32\MSASN1.dll
[1017/005513:ERROR:process_reader_win.cc(233)] ReadMemory at 0x7ff84b6b0000 of 64 bytes failed: 仅完成部分的 ReadProcessMemory 或 WriteProcessMemory 请求。 (0x12B)
[1017/005513:WARNING:pe_image_reader.cc(281)] could not read dos header from C:\WINDOWS\SYSTEM32\Secur32.dll
[1017/005513:ERROR:process_reader_win.cc(233)] ReadMemory at 0x7ff84f550000 of 64 bytes failed: 仅完成部分的 ReadProcessMemory 或 WriteProcessMemory 请求。 (0x12B)
[1017/005513:WARNING:pe_image_reader.cc(281)] could not read dos header from C:\WINDOWS\System32\CRYPT32.dll
[1017/005513:ERROR:process_reader_win.cc(233)] ReadMemory at 0x7ff811b60000 of 64 bytes failed: 仅完成部分的 ReadProcessMemory 或 WriteProcessMemory 请求。 (0x12B)
[1017/005513:WARNING:pe_image_reader.cc(281)] could not read dos header from C:\Program Files (x86)\Google\Chrome\Application\53.0.2785.143\chrome_child.dll
[1017/005513:ERROR:process_reader_win.cc(233)] ReadMemory at 0x7ff84edd0000 of 64 bytes failed: 仅完成部分的 ReadProcessMemory 或 WriteProcessMemory 请求。 (0x12B)
[1017/005513:WARNING:pe_image_reader.cc(281)] could not read dos header from C:\WINDOWS\System32\WINTRUST.dll
[1017/005513:ERROR:process_reader_win.cc(233)] ReadMemory at 0x7ff839470000 of 64 bytes failed: 仅完成部分的 ReadProcessMemory 或 WriteProcessMemory 请求。 (0x12B)
[1017/005513:WARNING:pe_image_reader.cc(281)] could not read dos header from C:\WINDOWS\SYSTEM32\dwrite.dll
[1017/005513:ERROR:process_reader_win.cc(233)] ReadMemory at 0x7ff84b6b0000 of 64 bytes failed: 仅完成部分的 ReadProcessMemory 或 WriteProcessMemory 请求。 (0x12B)
[1017/005513:WARNING:pe_image_reader.cc(281)] could not read dos header from C:\WINDOWS\SYSTEM32\Secur32.dll
[1017/005513:WARNING:in_range_cast.h(38)] value 3049498303566 out of range
[1017/005513:ERROR:process_reader_win.cc(233)] ReadMemory at 0x7ff811b60000 of 64 bytes failed: 仅完成部分的 ReadProcessMemory 或 WriteProcessMemory 请求。 (0x12B)
[1017/005513:WARNING:in_range_cast.h(38)] value 3049498303106 out of range
[1017/005513:WARNING:pe_image_reader.cc(281)] could not read dos header from C:\Program Files (x86)\Google\Chrome\Application\53.0.2785.143\chrome_child.dll
[1017/005513:WARNING:in_range_cast.h(38)] value 3049498305934 out of range
[1017/005513:ERROR:process_reader_win.cc(233)] ReadMemory at 0x7ff839470000 of 64 bytes failed: 仅完成部分的 ReadProcessMemory 或 WriteProcessMemory 请求。 (0x12B)
[1017/005513:WARNING:in_range_cast.h(38)] value 3049498302052 out of range
[1017/005513:WARNING:pe_image_reader.cc(281)] could not read dos header from C:\WINDOWS\SYSTEM32\dwrite.dll
[1017/005513:WARNING:in_range_cast.h(38)] value 1709246078030 out of range
[1017/005513:WARNING:in_range_cast.h(38)] value 3049498302312 out of range
[1017/005513:WARNING:in_range_cast.h(38)] value 1709246077570 out of range
[1017/005513:WARNING:in_range_cast.h(38)] value 1709246080398 out of range
[1017/005513:WARNING:in_range_cast.h(38)] value 1709246076516 out of range
[1017/005513:ERROR:process_reader_win.cc(233)] ReadMemory at 0x7ff711890000 of 64 bytes failed: 仅完成部分的 ReadProcessMemory 或 WriteProcessMemory 请求。 (0x12B)
[1017/005513:WARNING:in_range_cast.h(38)] value 1709246076776 out of range
[1017/005513:WARNING:pe_image_reader.cc(281)] could not read dos header from C:\Program Files (x86)\Google\Chrome\Application\chrome.exe
[1017/005513:ERROR:process_reader_win.cc(233)] ReadMemory at 0x7ff852190000 of 64 bytes failed: 仅完成部分的 ReadProcessMemory 或 WriteProcessMemory 请求。 (0x12B)
[1017/005513:ERROR:process_reader_win.cc(233)] ReadMemory at 0x7ff711890000 of 64 bytes failed: 仅完成部分的 ReadProcessMemory 或 WriteProcessMemory 请求。 (0x12B)
[1017/005513:WARNING:pe_image_reader.cc(281)] could not read dos header from C:\WINDOWS\SYSTEM32\ntdll.dll
[1017/005513:WARNING:pe_image_reader.cc(281)] could not read dos header from C:\Program Files (x86)\Google\Chrome\Application\chrome.exe
[1017/005513:ERROR:process_reader_win.cc(233)] ReadMemory at 0x7ff84f000000 of 64 bytes failed: 仅完成部分的 ReadProcessMemory 或 WriteProcessMemory 请求。 (0x12B)
[1017/005513:ERROR:process_reader_win.cc(233)] ReadMemory at 0x7ff852190000 of 64 bytes failed: 仅完成部分的 ReadProcessMemory 或 WriteProcessMemory 请求。 (0x12B)
[1017/005513:WARNING:pe_image_reader.cc(281)] could not read dos header from C:\WINDOWS\System32\KERNELBASE.dll
[1017/005513:WARNING:pe_image_reader.cc(281)] could not read dos header from C:\WINDOWS\SYSTEM32\ntdll.dll
[1017/005513:ERROR:process_reader_win.cc(233)] ReadMemory at 0x7ff850220000 of 64 bytes failed: 仅完成部分的 ReadProcessMemory 或 WriteProcessMemory 请求。 (0x12B)
[1017/005513:ERROR:process_reader_win.cc(233)] ReadMemory at 0x7ff84f000000 of 64 bytes failed: 仅完成部分的 ReadProcessMemory 或 WriteProcessMemory 请求。 (0x12B)
[1017/005513:WARNING:pe_image_reader.cc(281)] could not read dos header from C:\WINDOWS\System32\KERNEL32.DLL
[1017/005513:WARNING:pe_image_reader.cc(281)] could not read dos header from C:\WINDOWS\System32\KERNELBASE.dll
[1017/005513:ERROR:process_reader_win.cc(233)] ReadMemory at 0x7ff84ca00000 of 64 bytes failed: 仅完成部分的 ReadProcessMemory 或 WriteProcessMemory 请求。 (0x12B)
[1017/005513:ERROR:process_reader_win.cc(233)] ReadMemory at 0x7ff850220000 of 64 bytes failed: 仅完成部分的 ReadProcessMemory 或 WriteProcessMemory 请求。 (0x12B)
[1017/005513:WARNING:pe_image_reader.cc(281)] could not read dos header from C:\WINDOWS\System32\KERNEL32.DLL
[1017/005513:WARNING:pe_image_reader.cc(281)] could not read dos header from C:\WINDOWS\system32\apphelp.dll
[1017/005513:ERROR:process_reader_win.cc(233)] ReadMemory at 0x7ff84ca00000 of 64 bytes failed: 仅完成部分的 ReadProcessMemory 或 WriteProcessMemory 请求。 (0x12B)
[1017/005513:WARNING:pe_image_reader.cc(281)] could not read dos header from C:\WINDOWS\system32\apphelp.dll
[1017/005513:ERROR:process_reader_win.cc(233)] ReadMemory at 0x7ff8332f0000 of 64 bytes failed: 仅完成部分的 ReadProcessMemory 或 WriteProcessMemory 请求。 (0x12B)
[1017/005513:ERROR:process_reader_win.cc(233)] ReadMemory at 0x7ff8332f0000 of 64 bytes failed: 仅完成部分的 ReadProcessMemory 或 WriteProcessMemory 请求。 (0x12B)
[1017/005513:WARNING:pe_image_reader.cc(281)] could not read dos header from C:\WINDOWS\AppPatch\AppPatch64\AcGenral.dll
[1017/005513:WARNING:pe_image_reader.cc(281)] could not read dos header from C:\WINDOWS\AppPatch\AppPatch64\AcGenral.dll
[1017/005513:ERROR:process_reader_win.cc(233)] ReadMemory at 0x7ff851ed0000 of 64 bytes failed: 仅完成部分的 ReadProcessMemory 或 WriteProcessMemory 请求。 (0x12B)
[1017/005513:WARNING:pe_image_reader.cc(281)] could not read dos header from C:\WINDOWS\System32\msvcrt.dll
[1017/005513:ERROR:process_reader_win.cc(233)] ReadMemory at 0x7ff851ed0000 of 64 bytes failed: 仅完成部分的 ReadProcessMemory 或 WriteProcessMemory 请求。 (0x12B)
[1017/005513:WARNING:pe_image_reader.cc(281)] could not read dos header from C:\WINDOWS\System32\msvcrt.dll
[1017/005513:ERROR:process_reader_win.cc(233)] ReadMemory at 0x7ff84f8a0000 of 64 bytes failed: 仅完成部分的 ReadProcessMemory 或 WriteProcessMemory 请求。 (0x12B)
[1017/005513:WARNING:pe_image_reader.cc(281)] could not read dos header from C:\WINDOWS\System32\RPCRT4.dll
[1017/005513:ERROR:process_reader_win.cc(233)] ReadMemory at 0x7ff84f8a0000 of 64 bytes failed: 仅完成部分的 ReadProcessMemory 或 WriteProcessMemory 请求。 (0x12B)
[1017/005513:WARNING:pe_image_reader.cc(281)] could not read dos header from C:\WINDOWS\System32\RPCRT4.dll
[1017/005513:ERROR:process_reader_win.cc(233)] ReadMemory at 0x7ff84fd90000 of 64 bytes failed: 仅完成部分的 ReadProcessMemory 或 WriteProcessMemory 请求。 (0x12B)
[1017/005513:WARNING:pe_image_reader.cc(281)] could not read dos header from C:\WINDOWS\System32\sechost.dll
[1017/005513:ERROR:process_reader_win.cc(233)] ReadMemory at 0x7ff84fd90000 of 64 bytes failed: 仅完成部分的 ReadProcessMemory 或 WriteProcessMemory 请求。 (0x12B)
[1017/005513:WARNING:pe_image_reader.cc(281)] could not read dos header from C:\WINDOWS\System32\sechost.dll
[1017/005513:ERROR:process_reader_win.cc(233)] ReadMemory at 0x7ff84e2f0000 of 64 bytes failed: 仅完成部分的 ReadProcessMemory 或 WriteProcessMemory 请求。 (0x12B)
[1017/005513:WARNING:pe_image_reader.cc(281)] could not read dos header from C:\WINDOWS\SYSTEM32\SspiCli.dll
[1017/005513:ERROR:process_reader_win.cc(233)] ReadMemory at 0x7ff84e2f0000 of 64 bytes failed: 仅完成部分的 ReadProcessMemory 或 WriteProcessMemory 请求。 (0x12B)
[1017/005513:WARNING:pe_image_reader.cc(281)] could not read dos header from C:\WINDOWS\SYSTEM32\SspiCli.dll
[1017/005513:ERROR:process_reader_win.cc(233)] ReadMemory at 0x7ff84ef00000 of 64 bytes failed: 仅完成部分的 ReadProcessMemory 或 WriteProcessMemory 请求。 (0x12B)
[1017/005513:ERROR:process_reader_win.cc(233)] ReadMemory at 0x7ff84ef00000 of 64 bytes failed: 仅完成部分的 ReadProcessMemory 或 WriteProcessMemory 请求。 (0x12B)
[1017/005513:WARNING:pe_image_reader.cc(281)] could not read dos header from C:\WINDOWS\System32\ucrtbase.dll
[1017/005513:WARNING:pe_image_reader.cc(281)] could not read dos header from C:\WINDOWS\System32\ucrtbase.dll
[1017/005513:ERROR:process_reader_win.cc(233)] ReadMemory at 0x7ff84ed60000 of 64 bytes failed: 仅完成部分的 ReadProcessMemory 或 WriteProcessMemory 请求。 (0x12B)
[1017/005513:WARNING:pe_image_reader.cc(281)] could not read dos header from C:\WINDOWS\System32\bcryptPrimitives.dll
[1017/005513:ERROR:process_reader_win.cc(233)] ReadMemory at 0x7ff84ed60000 of 64 bytes failed: 仅完成部分的 ReadProcessMemory 或 WriteProcessMemory 请求。 (0x12B)
[1017/005513:WARNING:pe_image_reader.cc(281)] could not read dos header from C:\WINDOWS\System32\bcryptPrimitives.dll
[1017/005513:ERROR:process_reader_win.cc(233)] ReadMemory at 0x7ff851b30000 of 64 bytes failed: 仅完成部分的 ReadProcessMemory 或 WriteProcessMemory 请求。 (0x12B)
[1017/005513:WARNING:pe_image_reader.cc(281)] could not read dos header from C:\WINDOWS\System32\combase.dll
[1017/005513:ERROR:process_reader_win.cc(233)] ReadMemory at 0x7ff851b30000 of 64 bytes failed: 仅完成部分的 ReadProcessMemory 或 WriteProcessMemory 请求。 (0x12B)
[1017/005513:WARNING:pe_image_reader.cc(281)] could not read dos header from C:\WINDOWS\System32\combase.dll
[1017/005513:ERROR:process_reader_win.cc(233)] ReadMemory at 0x7ff84ee30000 of 64 bytes failed: 仅完成部分的 ReadProcessMemory 或 WriteProcessMemory 请求。 (0x12B)
[1017/005513:WARNING:pe_image_reader.cc(281)] could not read dos header from C:\WINDOWS\System32\win32u.dll
[1017/005513:ERROR:process_reader_win.cc(233)] ReadMemory at 0x7ff84ee30000 of 64 bytes failed: 仅完成部分的 ReadProcessMemory 或 WriteProcessMemory 请求。 (0x12B)
[1017/005513:WARNING:pe_image_reader.cc(281)] could not read dos header from C:\WINDOWS\System32\win32u.dll
[1017/005513:ERROR:process_reader_win.cc(233)] ReadMemory at 0x7ff84f9d0000 of 64 bytes failed: 仅完成部分的 ReadProcessMemory 或 WriteProcessMemory 请求。 (0x12B)
[1017/005513:WARNING:pe_image_reader.cc(281)] could not read dos header from C:\WINDOWS\System32\USER32.dll
[1017/005513:ERROR:process_reader_win.cc(233)] ReadMemory at 0x7ff84f9d0000 of 64 bytes failed: 仅完成部分的 ReadProcessMemory 或 WriteProcessMemory 请求。 (0x12B)
[1017/005513:WARNING:pe_image_reader.cc(281)] could not read dos header from C:\WINDOWS\System32\USER32.dll
[1017/005513:ERROR:process_reader_win.cc(233)] ReadMemory at 0x7ff84f2d0000 of 64 bytes failed: 仅完成部分的 ReadProcessMemory 或 WriteProcessMemory 请求。 (0x12B)
[1017/005513:WARNING:pe_image_reader.cc(281)] could not read dos header from C:\WINDOWS\System32\gdi32full.dll
[1017/005513:ERROR:process_reader_win.cc(233)] ReadMemory at 0x7ff84f2d0000 of 64 bytes failed: 仅完成部分的 ReadProcessMemory 或 WriteProcessMemory 请求。 (0x12B)
[1017/005513:WARNING:pe_image_reader.cc(281)] could not read dos header from C:\WINDOWS\System32\gdi32full.dll
[1017/005513:ERROR:process_reader_win.cc(233)] ReadMemory at 0x7ff851e90000 of 64 bytes failed: 仅完成部分的 ReadProcessMemory 或 WriteProcessMemory 请求。 (0x12B)
[1017/005513:WARNING:pe_image_reader.cc(281)] could not read dos header from C:\WINDOWS\System32\GDI32.dll
[1017/005513:ERROR:process_reader_win.cc(233)] ReadMemory at 0x7ff851e90000 of 64 bytes failed: 仅完成部分的 ReadProcessMemory 或 WriteProcessMemory 请求。 (0x12B)
[1017/005513:WARNING:pe_image_reader.cc(281)] could not read dos header from C:\WINDOWS\System32\GDI32.dll
[1017/005513:ERROR:process_reader_win.cc(233)] ReadMemory at 0x7ff84fb40000 of 64 bytes failed: 仅完成部分的 ReadProcessMemory 或 WriteProcessMemory 请求。 (0x12B)
[1017/005513:WARNING:pe_image_reader.cc(281)] could not read dos header from C:\WINDOWS\System32\IMM32.DLL
[1017/005513:ERROR:process_reader_win.cc(233)] ReadMemory at 0x7ff84fb40000 of 64 bytes failed: 仅完成部分的 ReadProcessMemory 或 WriteProcessMemory 请求。 (0x12B)
[1017/005513:ERROR:process_reader_win.cc(233)] ReadMemory at 0x7ff84f780000 of 64 bytes failed: 仅完成部分的 ReadProcessMemory 或 WriteProcessMemory 请求。 (0x12B)
[1017/005513:WARNING:pe_image_reader.cc(281)] could not read dos header from C:\WINDOWS\System32\IMM32.DLL
[1017/005513:WARNING:pe_image_reader.cc(281)] could not read dos header from C:\WINDOWS\System32\SHLWAPI.dll
[1017/005513:ERROR:process_reader_win.cc(233)] ReadMemory at 0x7ff84f780000 of 64 bytes failed: 仅完成部分的 ReadProcessMemory 或 WriteProcessMemory 请求。 (0x12B)
[1017/005513:ERROR:process_reader_win.cc(233)] ReadMemory at 0x7ff8504e0000 of 64 bytes failed: 仅完成部分的 ReadProcessMemory 或 WriteProcessMemory 请求。 (0x12B)
[1017/005513:WARNING:pe_image_reader.cc(281)] could not read dos header from C:\WINDOWS\System32\ole32.dll
[1017/005513:WARNING:pe_image_reader.cc(281)] could not read dos header from C:\WINDOWS\System32\SHLWAPI.dll
[1017/005513:ERROR:process_reader_win.cc(233)] ReadMemory at 0x7ff84f500000 of 64 bytes failed: 仅完成部分的 ReadProcessMemory 或 WriteProcessMemory 请求。 (0x12B)
[1017/005513:WARNING:pe_image_reader.cc(281)] could not read dos header from C:\WINDOWS\System32\cfgmgr32.dll
[1017/005513:ERROR:process_reader_win.cc(233)] ReadMemory at 0x7ff8504e0000 of 64 bytes failed: 仅完成部分的 ReadProcessMemory 或 WriteProcessMemory 请求。 (0x12B)
[1017/005513:WARNING:pe_image_reader.cc(281)] could not read dos header from C:\WINDOWS\System32\ole32.dll
[1017/005513:ERROR:process_reader_win.cc(233)] ReadMemory at 0x7ff84e610000 of 64 bytes failed: 仅完成部分的 ReadProcessMemory 或 WriteProcessMemory 请求。 (0x12B)
[1017/005513:WARNING:pe_image_reader.cc(281)] could not read dos header from C:\WINDOWS\System32\powrprof.dll
[1017/005513:ERROR:process_reader_win.cc(233)] ReadMemory at 0x7ff84f500000 of 64 bytes failed: 仅完成部分的 ReadProcessMemory 或 WriteProcessMemory 请求。 (0x12B)
[1017/005513:ERROR:process_reader_win.cc(233)] ReadMemory at 0x7ff850430000 of 64 bytes failed: 仅完成部分的 ReadProcessMemory 或 WriteProcessMemory 请求。 (0x12B)
[1017/005513:WARNING:pe_image_reader.cc(281)] could not read dos header from C:\WINDOWS\System32\cfgmgr32.dll
[1017/005513:WARNING:pe_image_reader.cc(281)] could not read dos header from C:\WINDOWS\System32\advapi32.dll
[1017/005513:ERROR:process_reader_win.cc(233)] ReadMemory at 0x7ff84e670000 of 64 bytes failed: 仅完成部分的 ReadProcessMemory 或 WriteProcessMemory 请求。 (0x12B)
[1017/005513:ERROR:process_reader_win.cc(233)] ReadMemory at 0x7ff84e610000 of 64 bytes failed: 仅完成部分的 ReadProcessMemory 或 WriteProcessMemory 请求。 (0x12B)
[1017/005513:WARNING:pe_image_reader.cc(281)] could not read dos header from C:\WINDOWS\System32\kernel.appcore.dll
[1017/005513:WARNING:pe_image_reader.cc(281)] could not read dos header from C:\WINDOWS\System32\powrprof.dll
[1017/005513:ERROR:process_reader_win.cc(233)] ReadMemory at 0x7ff84ee50000 of 64 bytes failed: 仅完成部分的 ReadProcessMemory 或 WriteProcessMemory 请求。 (0x12B)
[1017/005513:ERROR:process_reader_win.cc(233)] ReadMemory at 0x7ff850430000 of 64 bytes failed: 仅完成部分的 ReadProcessMemory 或 WriteProcessMemory 请求。 (0x12B)
[1017/005513:WARNING:pe_image_reader.cc(281)] could not read dos header from C:\WINDOWS\System32\shcore.dll
[1017/005513:WARNING:pe_image_reader.cc(281)] could not read dos header from C:\WINDOWS\System32\advapi32.dll
[1017/005513:ERROR:process_reader_win.cc(233)] ReadMemory at 0x7ff84e5f0000 of 64 bytes failed: 仅完成部分的 ReadProcessMemory 或 WriteProcessMemory 请求。 (0x12B)
[1017/005513:WARNING:pe_image_reader.cc(281)] could not read dos header from C:\WINDOWS\System32\profapi.dll
[1017/005513:ERROR:process_reader_win.cc(233)] ReadMemory at 0x7ff84e670000 of 64 bytes failed: 仅完成部分的 ReadProcessMemory 或 WriteProcessMemory 请求。 (0x12B)
[1017/005513:ERROR:process_reader_win.cc(233)] ReadMemory at 0x7ff84e680000 of 64 bytes failed: 仅完成部分的 ReadProcessMemory 或 WriteProcessMemory 请求。 (0x12B)
[1017/005513:WARNING:pe_image_reader.cc(281)] could not read dos header from C:\WINDOWS\System32\kernel.appcore.dll
[1017/005513:WARNING:pe_image_reader.cc(281)] could not read dos header from C:\WINDOWS\System32\windows.storage.dll
[1017/005513:ERROR:process_reader_win.cc(233)] ReadMemory at 0x7ff850620000 of 64 bytes failed: 仅完成部分的 ReadProcessMemory 或 WriteProcessMemory 请求。 (0x12B)
[1017/005513:ERROR:process_reader_win.cc(233)] ReadMemory at 0x7ff84ee50000 of 64 bytes failed: 仅完成部分的 ReadProcessMemory 或 WriteProcessMemory 请求。 (0x12B)
[1017/005513:WARNING:pe_image_reader.cc(281)] could not read dos header from C:\WINDOWS\System32\SHELL32.dll
[1017/005513:WARNING:pe_image_reader.cc(281)] could not read dos header from C:\WINDOWS\System32\shcore.dll
[1017/005513:ERROR:process_reader_win.cc(233)] ReadMemory at 0x7ff84dfa0000 of 64 bytes failed: 仅完成部分的 ReadProcessMemory 或 WriteProcessMemory 请求。 (0x12B)
[1017/005513:WARNING:pe_image_reader.cc(281)] could not read dos header from C:\WINDOWS\SYSTEM32\USERENV.dll
[1017/005513:ERROR:process_reader_win.cc(233)] ReadMemory at 0x7ff84e5f0000 of 64 bytes failed: 仅完成部分的 ReadProcessMemory 或 WriteProcessMemory 请求。 (0x12B)
[1017/005513:WARNING:pe_image_reader.cc(281)] could not read dos header from C:\WINDOWS\System32\profapi.dll
[1017/005513:ERROR:process_reader_win.cc(233)] ReadMemory at 0x7ff8351b0000 of 64 bytes failed: 仅完成部分的 ReadProcessMemory 或 WriteProcessMemory 请求。 (0x12B)
[1017/005513:WARNING:pe_image_reader.cc(281)] could not read dos header from C:\WINDOWS\SYSTEM32\MPR.dll
[1017/005513:ERROR:process_reader_win.cc(233)] ReadMemory at 0x7ff84e680000 of 64 bytes failed: 仅完成部分的 ReadProcessMemory 或 WriteProcessMemory 请求。 (0x12B)
[1017/005513:WARNING:pe_image_reader.cc(281)] could not read dos header from C:\WINDOWS\System32\windows.storage.dll
[1017/005513:ERROR:process_reader_win.cc(233)] ReadMemory at 0x7ff84e0e0000 of 64 bytes failed: 仅完成部分的 ReadProcessMemory 或 WriteProcessMemory 请求。 (0x12B)
[1017/005513:ERROR:process_reader_win.cc(233)] ReadMemory at 0x7ff850620000 of 64 bytes failed: 仅完成部分的 ReadProcessMemory 或 WriteProcessMemory 请求。 (0x12B)
[1017/005513:WARNING:pe_image_reader.cc(281)] could not read dos header from C:\WINDOWS\SYSTEM32\CRYPTBASE.DLL
[1017/005513:WARNING:pe_image_reader.cc(281)] could not read dos header from C:\WINDOWS\System32\SHELL32.dll
[1017/005513:ERROR:process_reader_win.cc(233)] ReadMemory at 0x7ff833290000 of 64 bytes failed: 仅完成部分的 ReadProcessMemory 或 WriteProcessMemory 请求。 (0x12B)
[1017/005513:ERROR:process_reader_win.cc(233)] ReadMemory at 0x7ff84dfa0000 of 64 bytes failed: 仅完成部分的 ReadProcessMemory 或 WriteProcessMemory 请求。 (0x12B)
[1017/005513:WARNING:pe_image_reader.cc(281)] could not read dos header from C:\Program Files (x86)\Google\Chrome\Application\53.0.2785.143\chrome_elf.dll
[1017/005513:WARNING:pe_image_reader.cc(281)] could not read dos header from C:\WINDOWS\SYSTEM32\USERENV.dll
[1017/005513:ERROR:process_reader_win.cc(233)] ReadMemory at 0x7ff84d3b0000 of 64 bytes failed: 仅完成部分的 ReadProcessMemory 或 WriteProcessMemory 请求。 (0x12B)
[1017/005513:ERROR:process_reader_win.cc(233)] ReadMemory at 0x7ff8351b0000 of 64 bytes failed: 仅完成部分的 ReadProcessMemory 或 WriteProcessMemory 请求。 (0x12B)
[1017/005513:WARNING:pe_image_reader.cc(281)] could not read dos header from C:\WINDOWS\SYSTEM32\MPR.dll
[1017/005513:WARNING:pe_image_reader.cc(281)] could not read dos header from C:\WINDOWS\SYSTEM32\VERSION.dll
[1017/005513:ERROR:process_reader_win.cc(233)] ReadMemory at 0x7ff84e0e0000 of 64 bytes failed: 仅完成部分的 ReadProcessMemory 或 WriteProcessMemory 请求。 (0x12B)
[1017/005513:ERROR:process_reader_win.cc(233)] ReadMemory at 0x7ff84c400000 of 64 bytes failed: 仅完成部分的 ReadProcessMemory 或 WriteProcessMemory 请求。 (0x12B)
[1017/005513:WARNING:pe_image_reader.cc(281)] could not read dos header from C:\WINDOWS\SYSTEM32\CRYPTBASE.DLL
[1017/005513:WARNING:pe_image_reader.cc(281)] could not read dos header from C:\WINDOWS\SYSTEM32\WINMMBASE.dll
[1017/005513:ERROR:process_reader_win.cc(233)] ReadMemory at 0x7ff84c6a0000 of 64 bytes failed: 仅完成部分的 ReadProcessMemory 或 WriteProcessMemory 请求。 (0x12B)
[1017/005513:ERROR:process_reader_win.cc(233)] ReadMemory at 0x7ff833290000 of 64 bytes failed: 仅完成部分的 ReadProcessMemory 或 WriteProcessMemory 请求。 (0x12B)
[1017/005513:WARNING:pe_image_reader.cc(281)] could not read dos header from C:\WINDOWS\SYSTEM32\WINMM.dll
[1017/005513:WARNING:pe_image_reader.cc(281)] could not read dos header from C:\Program Files (x86)\Google\Chrome\Application\53.0.2785.143\chrome_elf.dll
[1017/005513:ERROR:process_reader_win.cc(233)] ReadMemory at 0x7ff84d3b0000 of 64 bytes failed: 仅完成部分的 ReadProcessMemory 或 WriteProcessMemory 请求。 (0x12B)
[1017/005513:ERROR:process_reader_win.cc(233)] ReadMemory at 0x7ff84b7e0000 of 64 bytes failed: 仅完成部分的 ReadProcessMemory 或 WriteProcessMemory 请求。 (0x12B)
[1017/005513:WARNING:pe_image_reader.cc(281)] could not read dos header from C:\WINDOWS\SYSTEM32\VERSION.dll
[1017/005513:WARNING:pe_image_reader.cc(281)] could not read dos header from C:\WINDOWS\SYSTEM32\WTSAPI32.dll
[1017/005513:ERROR:process_reader_win.cc(233)] ReadMemory at 0x7ff84c400000 of 64 bytes failed: 仅完成部分的 ReadProcessMemory 或 WriteProcessMemory 请求。 (0x12B)
[1017/005513:WARNING:pe_image_reader.cc(281)] could not read dos header from C:\WINDOWS\SYSTEM32\WINMMBASE.dll
[1017/005513:ERROR:process_reader_win.cc(233)] ReadMemory at 0x7ff84b6c0000 of 64 bytes failed: 仅完成部分的 ReadProcessMemory 或 WriteProcessMemory 请求。 (0x12B)
[1017/005513:WARNING:pe_image_reader.cc(281)] could not read dos header from C:\WINDOWS\SYSTEM32\WINHTTP.dll
[1017/005513:ERROR:process_reader_win.cc(233)] ReadMemory at 0x7ff84c6a0000 of 64 bytes failed: 仅完成部分的 ReadProcessMemory 或 WriteProcessMemory 请求。 (0x12B)
[1017/005513:WARNING:pe_image_reader.cc(281)] could not read dos header from C:\WINDOWS\SYSTEM32\WINMM.dll
[1017/005513:ERROR:process_reader_win.cc(233)] ReadMemory at 0x7ff84f460000 of 64 bytes failed: 仅完成部分的 ReadProcessMemory 或 WriteProcessMemory 请求。 (0x12B)
[1017/005513:ERROR:process_reader_win.cc(233)] ReadMemory at 0x7ff84b7e0000 of 64 bytes failed: 仅完成部分的 ReadProcessMemory 或 WriteProcessMemory 请求。 (0x12B)
[1017/005513:WARNING:pe_image_reader.cc(281)] could not read dos header from C:\WINDOWS\System32\msvcp_win.dll
[1017/005513:WARNING:pe_image_reader.cc(281)] could not read dos header from C:\WINDOWS\SYSTEM32\WTSAPI32.dll
[1017/005513:ERROR:process_reader_win.cc(233)] ReadMemory at 0x7ff84f7e0000 of 64 bytes failed: 仅完成部分的 ReadProcessMemory 或 WriteProcessMemory 请求。 (0x12B)
[1017/005513:ERROR:process_reader_win.cc(233)] ReadMemory at 0x7ff84b6c0000 of 64 bytes failed: 仅完成部分的 ReadProcessMemory 或 WriteProcessMemory 请求。 (0x12B)
[1017/005513:WARNING:pe_image_reader.cc(281)] could not read dos header from C:\WINDOWS\System32\OLEAUT32.dll
[1017/005513:WARNING:pe_image_reader.cc(281)] could not read dos header from C:\WINDOWS\SYSTEM32\WINHTTP.dll
[1017/005513:ERROR:process_reader_win.cc(233)] ReadMemory at 0x7ff84f460000 of 64 bytes failed: 仅完成部分的 ReadProcessMemory 或 WriteProcessMemory 请求。 (0x12B)
[1017/005513:ERROR:process_reader_win.cc(233)] ReadMemory at 0x7ff831bb0000 of 64 bytes failed: 仅完成部分的 ReadProcessMemory 或 WriteProcessMemory 请求。 (0x12B)
[1017/005513:WARNING:pe_image_reader.cc(281)] could not read dos header from C:\WINDOWS\System32\msvcp_win.dll
[1017/005513:WARNING:pe_image_reader.cc(281)] could not read dos header from C:\WINDOWS\SYSTEM32\ninput.dll
[1017/005513:ERROR:process_reader_win.cc(233)] ReadMemory at 0x7ff84f7e0000 of 64 bytes failed: 仅完成部分的 ReadProcessMemory 或 WriteProcessMemory 请求。 (0x12B)
[1017/005513:ERROR:process_reader_win.cc(233)] ReadMemory at 0x7ff84fc70000 of 64 bytes failed: 仅完成部分的 ReadProcessMemory 或 WriteProcessMemory 请求。 (0x12B)
[1017/005513:WARNING:pe_image_reader.cc(281)] could not read dos header from C:\WINDOWS\System32\OLEAUT32.dll
[1017/005513:WARNING:pe_image_reader.cc(281)] could not read dos header from C:\WINDOWS\System32\PSAPI.DLL
[1017/005513:ERROR:process_reader_win.cc(233)] ReadMemory at 0x7ff831bb0000 of 64 bytes failed: 仅完成部分的 ReadProcessMemory 或 WriteProcessMemory 请求。 (0x12B)
[1017/005513:ERROR:process_reader_win.cc(233)] ReadMemory at 0x7ff84e1d0000 of 64 bytes failed: 仅完成部分的 ReadProcessMemory 或 WriteProcessMemory 请求。 (0x12B)
[1017/005513:WARNING:pe_image_reader.cc(281)] could not read dos header from C:\WINDOWS\SYSTEM32\ninput.dll
[1017/005513:WARNING:pe_image_reader.cc(281)] could not read dos header from C:\WINDOWS\SYSTEM32\bcrypt.dll
[1017/005513:ERROR:process_reader_win.cc(233)] ReadMemory at 0x7ff84fc70000 of 64 bytes failed: 仅完成部分的 ReadProcessMemory 或 WriteProcessMemory 请求。 (0x12B)
[1017/005513:WARNING:pe_image_reader.cc(281)] could not read dos header from C:\WINDOWS\System32\PSAPI.DLL
[1017/005513:ERROR:process_reader_win.cc(233)] ReadMemory at 0x7ff84a2f0000 of 64 bytes failed: 仅完成部分的 ReadProcessMemory 或 WriteProcessMemory 请求。 (0x12B)
[1017/005513:WARNING:pe_image_reader.cc(281)] could not read dos header from C:\WINDOWS\SYSTEM32\WINSPOOL.DRV
[1017/005513:ERROR:process_reader_win.cc(233)] ReadMemory at 0x7ff84e1d0000 of 64 bytes failed: 仅完成部分的 ReadProcessMemory 或 WriteProcessMemory 请求。 (0x12B)
[1017/005513:WARNING:pe_image_reader.cc(281)] could not read dos header from C:\WINDOWS\SYSTEM32\bcrypt.dll
[1017/005513:ERROR:process_reader_win.cc(233)] ReadMemory at 0x7ff8475f0000 of 64 bytes failed: 仅完成部分的 ReadProcessMemory 或 WriteProcessMemory 请求。 (0x12B)
[1017/005513:ERROR:process_reader_win.cc(233)] ReadMemory at 0x7ff84a2f0000 of 64 bytes failed: 仅完成部分的 ReadProcessMemory 或 WriteProcessMemory 请求。 (0x12B)
[1017/005513:WARNING:pe_image_reader.cc(281)] could not read dos header from C:\WINDOWS\WinSxS\amd64_microsoft.windows.common-controls_6595b64144ccf1df_6.0.14393.0_none_2d0f50fcbdb171b8\COMCTL32.dll
[1017/005513:WARNING:pe_image_reader.cc(281)] could not read dos header from C:\WINDOWS\SYSTEM32\WINSPOOL.DRV
[1017/005513:ERROR:process_reader_win.cc(233)] ReadMemory at 0x7ff84fb70000 of 64 bytes failed: 仅完成部分的 ReadProcessMemory 或 WriteProcessMemory 请求。 (0x12B)
[1017/005513:ERROR:process_reader_win.cc(233)] ReadMemory at 0x7ff8475f0000 of 64 bytes failed: 仅完成部分的 ReadProcessMemory 或 WriteProcessMemory 请求。 (0x12B)
[1017/005513:WARNING:pe_image_reader.cc(281)] could not read dos header from C:\WINDOWS\WinSxS\amd64_microsoft.windows.common-controls_6595b64144ccf1df_6.0.14393.0_none_2d0f50fcbdb171b8\COMCTL32.dll
[1017/005513:WARNING:pe_image_reader.cc(281)] could not read dos header from C:\WINDOWS\System32\COMDLG32.dll
[1017/005513:ERROR:process_reader_win.cc(233)] ReadMemory at 0x7ff84fb70000 of 64 bytes failed: 仅完成部分的 ReadProcessMemory 或 WriteProcessMemory 请求。 (0x12B)
[1017/005513:WARNING:pe_image_reader.cc(281)] could not read dos header from C:\WINDOWS\System32\COMDLG32.dll
[1017/005513:ERROR:process_reader_win.cc(233)] ReadMemory at 0x7ff84daf0000 of 64 bytes failed: 仅完成部分的 ReadProcessMemory 或 WriteProcessMemory 请求。 (0x12B)
[1017/005513:WARNING:pe_image_reader.cc(281)] could not read dos header from C:\WINDOWS\SYSTEM32\IPHLPAPI.DLL
[1017/005513:ERROR:process_reader_win.cc(233)] ReadMemory at 0x7ff84daf0000 of 64 bytes failed: 仅完成部分的 ReadProcessMemory 或 WriteProcessMemory 请求。 (0x12B)
[1017/005513:WARNING:pe_image_reader.cc(281)] could not read dos header from C:\WINDOWS\SYSTEM32\IPHLPAPI.DLL
[1017/005513:ERROR:process_reader_win.cc(233)] ReadMemory at 0x7ff851f70000 of 64 bytes failed: 仅完成部分的 ReadProcessMemory 或 WriteProcessMemory 请求。 (0x12B)
[1017/005513:WARNING:pe_image_reader.cc(281)] could not read dos header from C:\WINDOWS\System32\WS2_32.dll
[1017/005513:ERROR:process_reader_win.cc(233)] ReadMemory at 0x7ff851f70000 of 64 bytes failed: 仅完成部分的 ReadProcessMemory 或 WriteProcessMemory 请求。 (0x12B)
[1017/005513:WARNING:pe_image_reader.cc(281)] could not read dos header from C:\WINDOWS\System32\WS2_32.dll
[1017/005513:ERROR:process_reader_win.cc(233)] ReadMemory at 0x7ff82b780000 of 64 bytes failed: 仅完成部分的 ReadProcessMemory 或 WriteProcessMemory 请求。 (0x12B)
[1017/005513:WARNING:pe_image_reader.cc(281)] could not read dos header from C:\WINDOWS\SYSTEM32\USP10.dll
[1017/005513:ERROR:process_reader_win.cc(233)] ReadMemory at 0x7ff82b780000 of 64 bytes failed: 仅完成部分的 ReadProcessMemory 或 WriteProcessMemory 请求。 (0x12B)
[1017/005513:ERROR:process_reader_win.cc(233)] ReadMemory at 0x7ff84e660000 of 64 bytes failed: 仅完成部分的 ReadProcessMemory 或 WriteProcessMemory 请求。 (0x12B)
[1017/005513:WARNING:pe_image_reader.cc(281)] could not read dos header from C:\WINDOWS\SYSTEM32\USP10.dll
[1017/005513:ERROR:process_reader_win.cc(233)] ReadMemory at 0x7ff84e660000 of 64 bytes failed: 仅完成部分的 ReadProcessMemory 或 WriteProcessMemory 请求。 (0x12B)
[1017/005513:WARNING:pe_image_reader.cc(281)] could not read dos header from C:\WINDOWS\System32\MSASN1.dll
[1017/005513:WARNING:pe_image_reader.cc(281)] could not read dos header from C:\WINDOWS\System32\MSASN1.dll
[1017/005513:ERROR:process_reader_win.cc(233)] ReadMemory at 0x7ff84f550000 of 64 bytes failed: 仅完成部分的 ReadProcessMemory 或 WriteProcessMemory 请求。 (0x12B)
[1017/005513:WARNING:pe_image_reader.cc(281)] could not read dos header from C:\WINDOWS\System32\CRYPT32.dll
[1017/005513:ERROR:process_reader_win.cc(233)] ReadMemory at 0x7ff84f550000 of 64 bytes failed: 仅完成部分的 ReadProcessMemory 或 WriteProcessMemory 请求。 (0x12B)
[1017/005513:WARNING:pe_image_reader.cc(281)] could not read dos header from C:\WINDOWS\System32\CRYPT32.dll
[1017/005513:ERROR:process_reader_win.cc(233)] ReadMemory at 0x7ff84edd0000 of 64 bytes failed: 仅完成部分的 ReadProcessMemory 或 WriteProcessMemory 请求。 (0x12B)
[1017/005513:WARNING:pe_image_reader.cc(281)] could not read dos header from C:\WINDOWS\System32\WINTRUST.dll
[1017/005513:ERROR:process_reader_win.cc(233)] ReadMemory at 0x7ff84edd0000 of 64 bytes failed: 仅完成部分的 ReadProcessMemory 或 WriteProcessMemory 请求。 (0x12B)
[1017/005513:WARNING:pe_image_reader.cc(281)] could not read dos header from C:\WINDOWS\System32\WINTRUST.dll
[1017/005513:ERROR:process_reader_win.cc(233)] ReadMemory at 0x7ff84b6b0000 of 64 bytes failed: 仅完成部分的 ReadProcessMemory 或 WriteProcessMemory 请求。 (0x12B)
[1017/005513:ERROR:process_reader_win.cc(233)] ReadMemory at 0x7ff84b6b0000 of 64 bytes failed: 仅完成部分的 ReadProcessMemory 或 WriteProcessMemory 请求。 (0x12B)
[1017/005513:WARNING:pe_image_reader.cc(281)] could not read dos header from C:\WINDOWS\SYSTEM32\Secur32.dll
[1017/005513:WARNING:pe_image_reader.cc(281)] could not read dos header from C:\WINDOWS\SYSTEM32\Secur32.dll
[1017/005513:ERROR:process_reader_win.cc(233)] ReadMemory at 0x7ff811b60000 of 64 bytes failed: 仅完成部分的 ReadProcessMemory 或 WriteProcessMemory 请求。 (0x12B)
[1017/005513:WARNING:pe_image_reader.cc(281)] could not read dos header from C:\Program Files (x86)\Google\Chrome\Application\53.0.2785.143\chrome_child.dll
[1017/005513:ERROR:process_reader_win.cc(233)] ReadMemory at 0x7ff811b60000 of 64 bytes failed: 仅完成部分的 ReadProcessMemory 或 WriteProcessMemory 请求。 (0x12B)
[1017/005513:WARNING:pe_image_reader.cc(281)] could not read dos header from C:\Program Files (x86)\Google\Chrome\Application\53.0.2785.143\chrome_child.dll
[1017/005513:ERROR:process_reader_win.cc(233)] ReadMemory at 0x7ff839470000 of 64 bytes failed: 仅完成部分的 ReadProcessMemory 或 WriteProcessMemory 请求。 (0x12B)
[1017/005513:WARNING:pe_image_reader.cc(281)] could not read dos header from C:\WINDOWS\SYSTEM32\dwrite.dll
[1017/005513:ERROR:process_reader_win.cc(233)] ReadMemory at 0x7ff839470000 of 64 bytes failed: 仅完成部分的 ReadProcessMemory 或 WriteProcessMemory 请求。 (0x12B)
[1017/005513:WARNING:pe_image_reader.cc(281)] could not read dos header from C:\WINDOWS\SYSTEM32\dwrite.dll
[1017/005513:ERROR:process_reader_win.cc(233)] ReadMemory at 0x1701ce7000 of 102400 bytes failed: 仅完成部分的 ReadProcessMemory 或 WriteProcessMemory 请求。 (0x12B)
[1017/005513:ERROR:crash_report_exception_handler.cc(98)] WriteEverything failed
[1017/005513:ERROR:scoped_process_suspend.cc(38)] NtResumeProcess: 已尝试访问正在退出的过程。  (0xc000010a)
[1017/005513:ERROR:scoped_process_suspend.cc(38)] NtResumeProcess: 已尝试访问正在退出的过程。  (0xc000010a)
[1017/005513:ERROR:process_reader_win.cc(233)] ReadMemory at 0x393fb97000 of 102400 bytes failed: 仅完成部分的 ReadProcessMemory 或 WriteProcessMemory 请求。 (0x12B)
[1017/005513:ERROR:crash_report_exception_handler.cc(98)] WriteEverything failed
[1017/005513:ERROR:scoped_process_suspend.cc(38)] NtResumeProcess: 已尝试访问正在退出的过程。  (0xc000010a)
[1017/005513:ERROR:process_reader_win.cc(233)] ReadMemory at 0xeab46e7000 of 102400 bytes failed: 仅完成部分的 ReadProcessMemory 或 WriteProcessMemory 请求。 (0x12B)
[1017/005513:ERROR:crash_report_exception_handler.cc(98)] WriteEverything failed
[1017/005513:ERROR:scoped_process_suspend.cc(38)] NtResumeProcess: 已尝试访问正在退出的过程。  (0xc000010a)
